<?xml version="1.0" encoding="UTF-8"?>
<!-- Generated by org.testng.reporters.JUnitXMLReporter -->
<testsuite hostname="NazZel" name="Default test" tests="3" failures="0" timestamp="1 Jul 2016 10:04:17 GMT" time="44.429" errors="0">
  <testcase name="LoadLoginTest" time="18.091" classname="mycode.LoginTest"/>
  <testcase name="wrongCredentialsTest" time="7.813" classname="mycode.LoginTest"/>
  <testcase name="loginAndLogoutTest" time="14.954" classname="mycode.LoginTest"/>
</testsuite> <!-- Default test -->
